donation data: array (
  'price' => 25.0,
  'purchase_key' => 'eeadd999aea50970e412076c7a42aaea',
  'user_email' => 'lopes.emanuel@linknacional.com',
  'date' => '2023-07-07 12:06:48',
  'user_info' => 
  array (
    'id' => 1,
    'title' => '',
    'email' => 'lopes.emanuel@linknacional.com',
    'first_name' => 'Emanuel',
    'last_name' => 'Lopes',
    'address' => false,
  ),
  'post_data' => 
  array (
    'give-honeypot' => '',
    'give-form-id-prefix' => '19-1',
    'give-form-id' => '19',
    'give-form-title' => 'Donation Form',
    'give-current-url' => 'https://wordpress.local/donations/donation-form/',
    'give-form-url' => 'https://wordpress.local/donations/donation-form/',
    'give-form-minimum' => '5.00',
    'give-form-maximum' => '1000000.00',
    'give-form-hash' => 'c7cb5227b7',
    'give-price-id' => '1',
    'give-amount' => '25.00',
    'lkn-fee-recovery' => 'yes',
    'lkn_give_cielo_api_payment_method' => '',
    'payment-mode' => 'manual',
    'give_first' => 'Emanuel',
    'give_last' => 'Lopes',
    'give_email' => 'lopes.emanuel@linknacional.com',
    'give-user-id' => '1',
    'give_action' => 'purchase',
    'give-gateway' => 'manual',
  ),
  'gateway' => 'manual',
  'card_info' => 
  array (
    'card_name' => '',
    'card_number' => '',
    'card_cvc' => '',
    'card_exp_month' => '',
    'card_exp_year' => '',
    'card_address' => '',
    'card_address_2' => '',
    'card_city' => '',
    'card_state' => '',
    'card_country' => '',
    'card_zip' => '',
  ),
)